<?xml version="1.0" encoding="UTF-8"?>
<testsuites>
  <testsuite name="C:\xampp\htdocs\University Work\Year 3, Term 2\Software development and improvement (Naruephon)\BMI CodeIgniter4\BMI CodeIgniter4\phpunit.xml.dist" tests="7" assertions="5" errors="2" failures="1" skipped="0" time="0.063001">
    <testsuite name="App" tests="7" assertions="5" errors="2" failures="1" skipped="0" time="0.063001">
      <testsuite name="ExampleDatabaseTest" file="C:\xampp\htdocs\University Work\Year 3, Term 2\Software development and improvement (Naruephon)\BMI CodeIgniter4\BMI CodeIgniter4\tests\database\ExampleDatabaseTest.php" tests="2" assertions="0" errors="2" failures="0" skipped="0" time="0.000000">
        <testcase name="testModelFindAll" file="C:\xampp\htdocs\University Work\Year 3, Term 2\Software development and improvement (Naruephon)\BMI CodeIgniter4\BMI CodeIgniter4\tests\database\ExampleDatabaseTest.php" line="17" class="ExampleDatabaseTest" classname="ExampleDatabaseTest" assertions="0" time="0.000000">
          <error type="CodeIgniter\Database\Exceptions\DatabaseException">ExampleDatabaseTest::testModelFindAll&#13;
CodeIgniter\Database\Exceptions\DatabaseException: Unable to connect to the database.&#13;
Main connection [SQLite3]: Class "SQLite3" not found
&#13;
C:\xampp\htdocs\University Work\Year 3, Term 2\Software development and improvement (Naruephon)\BMI CodeIgniter4\BMI CodeIgniter4\system\Database\BaseConnection.php:428
C:\xampp\htdocs\University Work\Year 3, Term 2\Software development and improvement (Naruephon)\BMI CodeIgniter4\BMI CodeIgniter4\system\Database\SQLite3\Connection.php:59
C:\xampp\htdocs\University Work\Year 3, Term 2\Software development and improvement (Naruephon)\BMI CodeIgniter4\BMI CodeIgniter4\system\Test\DatabaseTestTrait.php:74
C:\xampp\htdocs\University Work\Year 3, Term 2\Software development and improvement (Naruephon)\BMI CodeIgniter4\BMI CodeIgniter4\system\Test\DatabaseTestTrait.php:54
C:\xampp\htdocs\University Work\Year 3, Term 2\Software development and improvement (Naruephon)\BMI CodeIgniter4\BMI CodeIgniter4\system\Test\CIUnitTestCase.php:249</error>
        </testcase>
        <testcase name="testSoftDeleteLeavesRow" file="C:\xampp\htdocs\University Work\Year 3, Term 2\Software development and improvement (Naruephon)\BMI CodeIgniter4\BMI CodeIgniter4\tests\database\ExampleDatabaseTest.php" line="28" class="ExampleDatabaseTest" classname="ExampleDatabaseTest" assertions="0" time="0.000000">
          <error type="CodeIgniter\Database\Exceptions\DatabaseException">ExampleDatabaseTest::testSoftDeleteLeavesRow&#13;
CodeIgniter\Database\Exceptions\DatabaseException: Unable to connect to the database.&#13;
Main connection [SQLite3]: Class "SQLite3" not found
&#13;
C:\xampp\htdocs\University Work\Year 3, Term 2\Software development and improvement (Naruephon)\BMI CodeIgniter4\BMI CodeIgniter4\system\Database\BaseConnection.php:428
C:\xampp\htdocs\University Work\Year 3, Term 2\Software development and improvement (Naruephon)\BMI CodeIgniter4\BMI CodeIgniter4\system\Database\SQLite3\Connection.php:59
C:\xampp\htdocs\University Work\Year 3, Term 2\Software development and improvement (Naruephon)\BMI CodeIgniter4\BMI CodeIgniter4\system\Test\DatabaseTestTrait.php:74
C:\xampp\htdocs\University Work\Year 3, Term 2\Software development and improvement (Naruephon)\BMI CodeIgniter4\BMI CodeIgniter4\system\Test\DatabaseTestTrait.php:54
C:\xampp\htdocs\University Work\Year 3, Term 2\Software development and improvement (Naruephon)\BMI CodeIgniter4\BMI CodeIgniter4\system\Test\CIUnitTestCase.php:249</error>
        </testcase>
      </testsuite>
      <testsuite name="ExampleSessionTest" file="C:\xampp\htdocs\University Work\Year 3, Term 2\Software development and improvement (Naruephon)\BMI CodeIgniter4\BMI CodeIgniter4\tests\session\ExampleSessionTest.php" tests="1" assertions="1" errors="0" failures="0" skipped="0" time="0.013458">
        <testcase name="testSessionSimple" file="C:\xampp\htdocs\University Work\Year 3, Term 2\Software development and improvement (Naruephon)\BMI CodeIgniter4\BMI CodeIgniter4\tests\session\ExampleSessionTest.php" line="11" class="ExampleSessionTest" classname="ExampleSessionTest" assertions="1" time="0.013458"/>
      </testsuite>
      <testsuite name="BmiModelTest" file="C:\xampp\htdocs\University Work\Year 3, Term 2\Software development and improvement (Naruephon)\BMI CodeIgniter4\BMI CodeIgniter4\tests\unit\BmiModelTest.php" tests="2" assertions="2" errors="0" failures="1" skipped="0" time="0.037106">
        <testcase name="testCalculateBmi" file="C:\xampp\htdocs\University Work\Year 3, Term 2\Software development and improvement (Naruephon)\BMI CodeIgniter4\BMI CodeIgniter4\tests\unit\BmiModelTest.php" line="15" class="BmiModelTest" classname="BmiModelTest" assertions="1" time="0.026122"/>
        <testcase name="testInterpretBmi" file="C:\xampp\htdocs\University Work\Year 3, Term 2\Software development and improvement (Naruephon)\BMI CodeIgniter4\BMI CodeIgniter4\tests\unit\BmiModelTest.php" line="27" class="BmiModelTest" classname="BmiModelTest" assertions="1" time="0.010984">
          <failure type="PHPUnit\Framework\ExpectationFailedException">BmiModelTest::testInterpretBmi&#13;
Failed asserting that two strings are equal.
--- Expected
+++ Actual
@@ @@
-'ปกติ (สุขภาพดี)'
+'ท้วม/โรคอ้วนระดับ 1'
&#13;
C:\xampp\htdocs\University Work\Year 3, Term 2\Software development and improvement (Naruephon)\BMI CodeIgniter4\BMI CodeIgniter4\tests\unit\BmiModelTest.php:35</failure>
        </testcase>
      </testsuite>
      <testsuite name="HealthTest" file="C:\xampp\htdocs\University Work\Year 3, Term 2\Software development and improvement (Naruephon)\BMI CodeIgniter4\BMI CodeIgniter4\tests\unit\HealthTest.php" tests="2" assertions="2" errors="0" failures="0" skipped="0" time="0.012437">
        <testcase name="testIsDefinedAppPath" file="C:\xampp\htdocs\University Work\Year 3, Term 2\Software development and improvement (Naruephon)\BMI CodeIgniter4\BMI CodeIgniter4\tests\unit\HealthTest.php" line="13" class="HealthTest" classname="HealthTest" assertions="1" time="0.005332"/>
        <testcase name="testBaseUrlHasBeenSet" file="C:\xampp\htdocs\University Work\Year 3, Term 2\Software development and improvement (Naruephon)\BMI CodeIgniter4\BMI CodeIgniter4\tests\unit\HealthTest.php" line="18" class="HealthTest" classname="HealthTest" assertions="1" time="0.007105"/>
      </testsuite>
    </testsuite>
  </testsuite>
</testsuites>
